Connecting to database specified by database.yml
Migrating to CreateForums (20130630193022)
Migrating to CreateThemes (20130630193037)
Migrating to CreateInteractions (20130630193120)
Migrating to CreateUsers (20130630193127)
Migrating to CreateDatabases (20130630193156)
Migrating to CreateSnapshots (20130702171130)
Connecting to database specified by database.yml
Migrating to CreateForums (20130630193022)
Migrating to CreateThemes (20130630193037)
Migrating to CreateInteractions (20130630193120)
Migrating to CreateUsers (20130630193127)
Migrating to CreateDatabases (20130630193156)
Migrating to CreateSnapshots (20130702171130)
Connecting to database specified by database.yml
Migrating to CreateForums (20130630193022)
Migrating to CreateThemes (20130630193037)
Migrating to CreateInteractions (20130630193120)
Migrating to CreateUsers (20130630193127)
Migrating to CreateDatabases (20130630193156)
Migrating to CreateSnapshots (20130702171130)
Connecting to database specified by database.yml
Migrating to CreateForums (20130630193022)
Migrating to CreateThemes (20130630193037)
Migrating to CreateInteractions (20130630193120)
Migrating to CreateUsers (20130630193127)
Migrating to CreateDatabases (20130630193156)
Migrating to CreateSnapshots (20130702171130)
